<?xml version="1.0" encoding="UTF-8"?>
<!-- Generated by org.testng.reporters.JUnitReportReporter -->
<testsuite hostname="Sai" failures="0" tests="2" name="TestCases.viewProfilePageTest" time="24.812" errors="0" timestamp="2025-08-04T16:31:38 IST" skipped="0">
  <testcase classname="TestCases.viewProfilePageTest" name="verifyNoticePeriod" time="11.465"/>
  <testcase classname="TestCases.viewProfilePageTest" name="verifyResumeUpload" time="13.347"/>
</testsuite> <!-- TestCases.viewProfilePageTest -->
