<?xml version="1.0" encoding="UTF-8"?>
<!-- Generated by org.testng.reporters.JUnitReportReporter -->
<testsuite hostname="Sai" failures="0" tests="2" name="TestCases.HomePageTest" time="14.727" errors="0" timestamp="2025-08-04T16:31:38 IST" skipped="0">
  <testcase classname="TestCases.HomePageTest" name="verifyNaukriImgTest" time="5.881"/>
  <testcase classname="TestCases.HomePageTest" name="navigateToViewProfile" time="8.846"/>
</testsuite> <!-- TestCases.HomePageTest -->
