<?xml version="1.0" encoding="UTF-8"?>
<!-- Generated by org.testng.reporters.JUnitReportReporter -->
<testsuite hostname="Sai" failures="0" tests="1" name="TestCases.LoginPageTest" time="5.912" errors="0" timestamp="2025-07-27T08:53:32 IST" skipped="0">
  <testcase classname="TestCases.LoginPageTest" name="loginTest" time="5.912"/>
</testsuite> <!-- TestCases.LoginPageTest -->
