<?xml version="1.0" encoding="UTF-8"?>
<!-- Generated by org.testng.reporters.JUnitReportReporter -->
<testsuite hostname="Sai" failures="0" tests="2" name="TestCases.viewProfilePageTest" time="18.942" errors="0" timestamp="2025-07-27T08:53:32 IST" skipped="0">
  <testcase classname="TestCases.viewProfilePageTest" name="verifyNoticePeriod" time="8.627"/>
  <testcase classname="TestCases.viewProfilePageTest" name="verifyResumeUpload" time="10.315"/>
</testsuite> <!-- TestCases.viewProfilePageTest -->
