<?xml version="1.0" encoding="UTF-8"?>
<!-- Generated by org.testng.reporters.JUnitReportReporter -->
<testsuite hostname="Sai" failures="0" tests="1" name="TestCases.LoginPageTest" time="6.318" errors="0" timestamp="2025-08-04T16:31:38 IST" skipped="0">
  <testcase classname="TestCases.LoginPageTest" name="loginTest" time="6.318"/>
</testsuite> <!-- TestCases.LoginPageTest -->
