<?xml version="1.0" encoding="UTF-8"?>
<!-- Generated by org.testng.reporters.JUnitReportReporter -->
<testsuite hostname="Sai" failures="0" tests="2" name="TestCases.HomePageTest" time="13.002" errors="0" timestamp="2025-07-27T08:53:32 IST" skipped="0">
  <testcase classname="TestCases.HomePageTest" name="verifyNaukriImgTest" time="5.782"/>
  <testcase classname="TestCases.HomePageTest" name="navigateToViewProfile" time="7.220"/>
</testsuite> <!-- TestCases.HomePageTest -->
